<?xml version="1.0" encoding="utf-8"?><testsuites name="pytest tests"><testsuite name="pytest" errors="0" failures="0" skipped="0" tests="6" time="1.029" timestamp="2026-07-16T06:59:33.435134+00:00" hostname="agent-env-142aaefd-4d0c-4a9f-92b2-ef913590b4ce"><testcase classname="backend.tests.test_reach_out.TestRoot" name="test_root_online" time="0.263" /><testcase classname="backend.tests.test_reach_out.TestReachOut" name="test_create_full_payload" time="0.135" /><testcase classname="backend.tests.test_reach_out.TestReachOut" name="test_create_minimum_required" time="0.044" /><testcase classname="backend.tests.test_reach_out.TestReachOut" name="test_missing_required_returns_422" time="0.074" /><testcase classname="backend.tests.test_reach_out.TestReachOut" name="test_invalid_email_returns_422" time="0.052" /><testcase classname="backend.tests.test_reach_out.TestReachOut" name="test_list_returns_newest_first" time="0.149" /></testsuite></testsuites>