<?xml version="1.0" encoding="utf-8"?><testsuites name="pytest tests"><testsuite name="pytest" errors="0" failures="0" skipped="0" tests="6" time="0.887" timestamp="2026-06-22T19:38:14.303737+00:00" hostname="agent-env-142aaefd-4d0c-4a9f-92b2-ef913590b4ce"><testcase classname="backend.tests.test_reach_out.TestRoot" name="test_root_online" time="0.248" /><testcase classname="backend.tests.test_reach_out.TestReachOut" name="test_create_full_payload" time="0.111" /><testcase classname="backend.tests.test_reach_out.TestReachOut" name="test_create_minimum_required" time="0.055" /><testcase classname="backend.tests.test_reach_out.TestReachOut" name="test_missing_required_returns_422" time="0.050" /><testcase classname="backend.tests.test_reach_out.TestReachOut" name="test_invalid_email_returns_422" time="0.057" /><testcase classname="backend.tests.test_reach_out.TestReachOut" name="test_list_returns_newest_first" time="0.181" /></testsuite></testsuites>